warning: Git tree '/home/mario/nixos' is dirty
building the system configuration...
warning: Git tree '/home/mario/nixos' is dirty
copying path '/nix/store/fjdl5rdnwp0ykg30s9d52mqgqjp3rfyx-grim-1.4.1' from 'https://cache.nixos.org'...
copying path '/nix/store/v9h7bzzgx60qns6widyaiwrbgd77a1dx-swappy-1.5.1' from 'https://cache.nixos.org'...
building '/nix/store/jdxh67zyvwlkx19i6mrgacp440ngijns-system-path.drv'...
building '/nix/store/adm252qza6va0wsd96mvx9aizkl8agsm-X-Restart-Triggers-polkit.drv'...
building '/nix/store/2sdmnrnzb93gfpqqb6av33scjn0csy6i-dbus-1.drv'...
building '/nix/store/5m26lnsqmr53kx4jk93gsvbs0kqf8by3-etc-pam-environment.drv'...
building '/nix/store/zzlsj6i5n77x0i96jcj9ifpp3cm3wrjh-set-environment.drv'...
building '/nix/store/ql1jm50dqik1yf5xc48a57vkgi6fvbwz-unit-accounts-daemon.service.drv'...
building '/nix/store/85fannxmh2x13hwk3mmw5qvqnpph39k1-X-Restart-Triggers-dbus-broker.drv'...
building '/nix/store/md7h3ymkjaxjckf52pzbh15jh1xr383d-etc-profile.drv'...
building '/nix/store/axgyvdq6gqz7xqxdsqqjbrj0ipclc5n2-etc-zshenv.drv'...
building '/nix/store/8wq4g2vbrg8aw661j7bixbnl3vih5dh5-unit-polkit.service.drv'...
building '/nix/store/7kyhp85x1472iml8122dial1g70qr6fr-unit-dbus-broker.service.drv'...
building '/nix/store/p5lz3yr9xxq7mzwg1rj963jc9698szzg-unit-dbus-broker.service.drv'...
building '/nix/store/jswvmby8qx1gdyd5sjzl7z158440f4ij-system-units.drv'...
building '/nix/store/cs4hir4qg27hvn7b1bz82qc79sw7kxgy-user-units.drv'...
building '/nix/store/lani3wrqvkfpp4hvaixi7alacsk5lzzb-etc.drv'...
building '/nix/store/9iw9h88saq8i087fp8sa49078ljvgx6m-nixos-system-NixOsMarioM1-24.05.20240416.66adc1e.drv'...
building '/nix/store/g06fcn9fi3s1p38p1gjmww5b6zy7700k-references.nix.drv'...
these 16 derivations will be built:
  /nix/store/39l5nbby9sfygw2zm84fkgl0kdzp291x-system-path.drv
  /nix/store/s76r4zvk6phcgmlbdmphnf5nnh97vzrn-dbus-1.drv
  /nix/store/vi0vm9ylavv5d8cinqq5cw5afzr2ndhd-X-Restart-Triggers-dbus-broker.drv
  /nix/store/1jz6kwsw2vvblnb7zawlf20aagri9q7n-unit-dbus-broker.service.drv
  /nix/store/2kh78n7g1nr64i7sfx8qdnb5pj2pxhrw-user-units.drv
  /nix/store/3pqf3wzh2ds64rrzjqc3imk1af8qvvr2-set-environment.drv
  /nix/store/4442rcqzbr1irn0hyw2xh9ivc3iaygw8-etc-zshenv.drv
  /nix/store/b22jch1zb8myfd7w2n0l7716xa9srm61-etc-profile.drv
  /nix/store/l23ylybpyw1w76crl9snyzfa8bv4wfsb-X-Restart-Triggers-polkit.drv
  /nix/store/dkfggb8ha6vvvbljrzw2492phxzvwqy8-unit-polkit.service.drv
  /nix/store/vhk0iqnpcmnqmgp7a0ajcv4hw10l0yz0-unit-dbus-broker.service.drv
  /nix/store/ysd435qdk2x3zdf5l33l7lr2lgigxgwc-unit-accounts-daemon.service.drv
  /nix/store/nvg9dj037pla9v59mv0x7barcmkvhvn9-system-units.drv
  /nix/store/q6bp7k0hz17s2vj28b4mz77nk487a8a6-etc-pam-environment.drv
  /nix/store/xf2v9yrdlw19ki09ahyffa88xp23nhk3-etc.drv
  /nix/store/yclz6hiwbrpd48qvri9gbnggpl5b4yaf-nixos-system-NixOsMarioM1-24.05.20240416.66adc1e.drv
building '/nix/store/39l5nbby9sfygw2zm84fkgl0kdzp291x-system-path.drv'...
building '/nix/store/l23ylybpyw1w76crl9snyzfa8bv4wfsb-X-Restart-Triggers-polkit.drv'...
building '/nix/store/s76r4zvk6phcgmlbdmphnf5nnh97vzrn-dbus-1.drv'...
building '/nix/store/q6bp7k0hz17s2vj28b4mz77nk487a8a6-etc-pam-environment.drv'...
building '/nix/store/3pqf3wzh2ds64rrzjqc3imk1af8qvvr2-set-environment.drv'...
building '/nix/store/ysd435qdk2x3zdf5l33l7lr2lgigxgwc-unit-accounts-daemon.service.drv'...
building '/nix/store/vi0vm9ylavv5d8cinqq5cw5afzr2ndhd-X-Restart-Triggers-dbus-broker.drv'...
building '/nix/store/b22jch1zb8myfd7w2n0l7716xa9srm61-etc-profile.drv'...
building '/nix/store/4442rcqzbr1irn0hyw2xh9ivc3iaygw8-etc-zshenv.drv'...
building '/nix/store/dkfggb8ha6vvvbljrzw2492phxzvwqy8-unit-polkit.service.drv'...
building '/nix/store/1jz6kwsw2vvblnb7zawlf20aagri9q7n-unit-dbus-broker.service.drv'...
building '/nix/store/vhk0iqnpcmnqmgp7a0ajcv4hw10l0yz0-unit-dbus-broker.service.drv'...
building '/nix/store/2kh78n7g1nr64i7sfx8qdnb5pj2pxhrw-user-units.drv'...
building '/nix/store/nvg9dj037pla9v59mv0x7barcmkvhvn9-system-units.drv'...
building '/nix/store/xf2v9yrdlw19ki09ahyffa88xp23nhk3-etc.drv'...
building '/nix/store/yclz6hiwbrpd48qvri9gbnggpl5b4yaf-nixos-system-NixOsMarioM1-24.05.20240416.66adc1e.drv'...
updating GRUB 2 menu...
Warning: os-prober will be executed to detect other bootable partitions.
Its output will be used to detect bootable binaries on them and create new boot entries.
lsblk: /dev/mapper/no*[0-9]: not a block device
lsblk: /dev/mapper/block*[0-9]: not a block device
lsblk: /dev/mapper/devices*[0-9]: not a block device
lsblk: /dev/mapper/found*[0-9]: not a block device
stopping the following units: accounts-daemon.service
activating the configuration...
setting up /etc...
reloading user units for mario...
restarting sysinit-reactivation.target
reloading the following units: dbus-broker.service
restarting the following units: polkit.service
starting the following units: accounts-daemon.service
